<?xml version="1.0" encoding="UTF-8"?>
<!-- Generated by org.testng.reporters.JUnitReportReporter -->
<testsuite hostname="Sanjeev" failures="0" tests="3" name="runner.TestRunnerNG" time="25.537" errors="0" timestamp="2024-05-03T11:11:23 IST" skipped="0">
  <testcase classname="runner.TestRunnerNG" name="runScenario" time="8.161"/>
  <system-out/>
  <testcase classname="runner.TestRunnerNG" name="runScenario" time="6.642"/>
  <system-out/>
  <testcase classname="runner.TestRunnerNG" name="runScenario" time="10.734"/>
  <system-out/>
</testsuite> <!-- runner.TestRunnerNG -->
