<?xml version="1.0" encoding="UTF-8"?>
<!-- Generated by org.testng.reporters.JUnitReportReporter -->
<testsuite hostname="Sanjeev" failures="0" tests="7" name="runner.TestNGRunner" time="84.182" errors="0" timestamp="2024-05-03T11:41:25 IST" skipped="0">
  <testcase classname="runner.TestNGRunner" name="runScenario" time="9.463"/>
  <system-out/>
  <testcase classname="runner.TestNGRunner" name="runScenario" time="12.950"/>
  <system-out/>
  <testcase classname="runner.TestNGRunner" name="runScenario" time="13.365"/>
  <system-out/>
  <testcase classname="runner.TestNGRunner" name="runScenario" time="12.952"/>
  <system-out/>
  <testcase classname="runner.TestNGRunner" name="runScenario" time="11.833"/>
  <system-out/>
  <testcase classname="runner.TestNGRunner" name="runScenario" time="14.354"/>
  <system-out/>
  <testcase classname="runner.TestNGRunner" name="runScenario" time="9.265"/>
  <system-out/>
</testsuite> <!-- runner.TestNGRunner -->
